Wed Mar  2 12:15:34 CST 2016
/usr/local/lib/nicad/txl/c-extract-blocks.x ALL.c >> /cmpt816/tmp_blocks.xml
[/cmpt816/tmp/arch/x86/pci/irq.c.ifdefed, c-extract-blocks.txl] : TXL0127E input file '/cmpt816/tmp/arch/x86/pci/irq.c.ifdefed' - Parse time limit (161000000 cycles) exceeded
[/cmpt816/tmp/arch/x86/pci/irq.c.ifdefed, c-extract-blocks.txl] : TXL0192E line 979 of /cmpt816/tmp/arch/x86/pci/irq.c.ifdefed - Syntax error at or near:
	irq = newirq ; } >>> } <<< if ( ! irq ) 
[/cmpt816/tmp/arch/x86/kernel/signal.c.ifdefed, c-extract-blocks.txl] : TXL0127E input file '/cmpt816/tmp/arch/x86/kernel/signal.c.ifdefed' - Parse time limit (161000000 cycles) exceeded
[/cmpt816/tmp/arch/x86/kernel/signal.c.ifdefed, c-extract-blocks.txl] : TXL0192E line 128 of /cmpt816/tmp/arch/x86/kernel/signal.c.ifdefed - Syntax error at or near:
	; return err ; } >>> static <<< int setup_sigcontext ( struct sigcontext 
[/cmpt816/tmp/arch/x86/ia32/ia32_signal.c.ifdefed, c-extract-blocks.txl] : TXL0127E input file '/cmpt816/tmp/arch/x86/ia32/ia32_signal.c.ifdefed' - Parse time limit (161000000 cycles) exceeded
[/cmpt816/tmp/arch/x86/ia32/ia32_signal.c.ifdefed, c-extract-blocks.txl] : TXL0192E line 106 of /cmpt816/tmp/arch/x86/ia32/ia32_signal.c.ifdefed - Syntax error at or near:
	; return err ; } >>> int <<< copy_siginfo_from_user32 ( siginfo_t * to 
[/cmpt816/tmp/drivers/pci/dmar.c.ifdefed, c-extract-blocks.txl] : TXL0192E line 121 of /cmpt816/tmp/drivers/pci/dmar.c.ifdefed - Syntax error at or near:
	; return 0 ; } >>> static <<< int __init dmar_parse_dev_scope ( void 
[/cmpt816/tmp/drivers/gpu/drm/i915/intel_sdvo.c.ifdefed, c-extract-blocks.txl] : TXL0127E input file '/cmpt816/tmp/drivers/gpu/drm/i915/intel_sdvo.c.ifdefed' - Parse time limit (161000000 cycles) exceeded
[/cmpt816/tmp/drivers/gpu/drm/i915/intel_sdvo.c.ifdefed, c-extract-blocks.txl] : TXL0192E line 1827 of /cmpt816/tmp/drivers/gpu/drm/i915/intel_sdvo.c.ifdefed - Syntax error at or near:
	dot_crawl , DOT_CRAWL ) } >>> return <<< - EINVAL ; set_value : 

Wed Mar  2 12:16:39 CST 2016

Wed Mar  2 12:16:39 CST 2016
/usr/local/lib/nicad/tools/clonepairs.x /cmpt816/tmp_blocks.xml 0.30 10 2500 > /cmpt816/tmp_blocks-clones/tmp_blocks-clones-0.30.xml
Processing /cmpt816/tmp_blocks.xml with difference threshold 30%, clone size 10 .. 2500 lines
Reading pcs .................................................................................. done.
Total 81862/7500000 potential clones of 10 lines or more
Used 746413/125000000 total pc lines
Used 18461463/750000000 unique line text chars
 and 354308/15000000 unique lines
Sorting pcs ............................................................................................................... done.
Finding clones ................................................................................. done.
Total 167193245 pc comparisons
Pruning embedded clone pairs .... done.
Pruned 563 embedded clone pairs
Found 2603 clone pairs
Generating XML output ........................... done.


real	1m7.878s
user	1m7.840s
sys	0m0.040s

Wed Mar  2 12:17:47 CST 2016

Wed Mar  2 12:17:47 CST 2016
/usr/local/lib/nicad/tools/cloneclasses.x /cmpt816/tmp_blocks-clones/tmp_blocks-clones-0.30.xml > /cmpt816/tmp_blocks-clones/tmp_blocks-clones-0.30-classes.xml
Processing /cmpt816/tmp_blocks-clones/tmp_blocks-clones-0.30.xml
Reading clone pairs ... done.
Total 2603 pairs
Computing classes  done.
Clustered clone pairs into 998 classes
Generating XML output .......... done.


real	0m0.035s
user	0m0.020s
sys	0m0.012s

Wed Mar  2 12:17:47 CST 2016

