Wed Mar  2 17:33:08 CST 2016
/usr/local/lib/nicad/txl/c-extract-blocks.x ALL.c >> /cmpt816/tmp_blocks.xml
[/cmpt816/tmp/arch/x86/pci/irq.c.ifdefed, c-extract-blocks.txl] : TXL0127E input file '/cmpt816/tmp/arch/x86/pci/irq.c.ifdefed' - Parse time limit (161000000 cycles) exceeded
[/cmpt816/tmp/arch/x86/pci/irq.c.ifdefed, c-extract-blocks.txl] : TXL0192E line 977 of /cmpt816/tmp/arch/x86/pci/irq.c.ifdefed - Syntax error at or near:
	irq = newirq ; } >>> } <<< if ( ! irq ) 
[/cmpt816/tmp/arch/x86/kernel/signal.c.ifdefed, c-extract-blocks.txl] : TXL0127E input file '/cmpt816/tmp/arch/x86/kernel/signal.c.ifdefed' - Parse time limit (161000000 cycles) exceeded
[/cmpt816/tmp/arch/x86/kernel/signal.c.ifdefed, c-extract-blocks.txl] : TXL0192E line 120 of /cmpt816/tmp/arch/x86/kernel/signal.c.ifdefed - Syntax error at or near:
	; return err ; } >>> int <<< setup_sigcontext ( struct sigcontext __user 
[/cmpt816/tmp/arch/x86/kernel/cpu/perf_event_intel.c.ifdefed, c-extract-blocks.txl] : TXL0127E input file '/cmpt816/tmp/arch/x86/kernel/cpu/perf_event_intel.c.ifdefed' - Parse time limit (161000000 cycles) exceeded
[/cmpt816/tmp/arch/x86/kernel/cpu/perf_event_intel.c.ifdefed, c-extract-blocks.txl] : TXL0192E line 2471 of /cmpt816/tmp/arch/x86/kernel/cpu/perf_event_intel.c.ifdefed - Syntax error at or near:
	} return left ; } >>> PMU_FORMAT_ATTR <<< ( event , "config:0-7" ) 
[/cmpt816/tmp/arch/x86/ia32/ia32_signal.c.ifdefed, c-extract-blocks.txl] : TXL0127E input file '/cmpt816/tmp/arch/x86/ia32/ia32_signal.c.ifdefed' - Parse time limit (161000000 cycles) exceeded
[/cmpt816/tmp/arch/x86/ia32/ia32_signal.c.ifdefed, c-extract-blocks.txl] : TXL0192E line 108 of /cmpt816/tmp/arch/x86/ia32/ia32_signal.c.ifdefed - Syntax error at or near:
	; return err ; } >>> int <<< copy_siginfo_from_user32 ( siginfo_t * to 
[/cmpt816/tmp/drivers/cpuidle/sysfs.c.ifdefed, c-extract-blocks.txl] : TXL0127E input file '/cmpt816/tmp/drivers/cpuidle/sysfs.c.ifdefed' - Parse time limit (161000000 cycles) exceeded
[/cmpt816/tmp/drivers/cpuidle/sysfs.c.ifdefed, c-extract-blocks.txl] : TXL0192E line 243 of /cmpt816/tmp/drivers/cpuidle/sysfs.c.ifdefed - Syntax error at or near:
	, size_t ) ; } >>> ; <<< define_show_state_function ( exit_latency ) define_show_state_function 
[/cmpt816/tmp/drivers/usb/core/hub.c.ifdefed, c-extract-blocks.txl] : TXL0127E input file '/cmpt816/tmp/drivers/usb/core/hub.c.ifdefed' - Parse time limit (161000000 cycles) exceeded
[/cmpt816/tmp/drivers/usb/core/hub.c.ifdefed, c-extract-blocks.txl] : TXL0192E line 4844 of /cmpt816/tmp/drivers/usb/core/hub.c.ifdefed - Syntax error at or near:
	] = INDICATOR_AUTO ; } >>> if <<< ( ( portstatus & USB_PORT_STAT_CONNECTION 
[/cmpt816/tmp/drivers/gpu/drm/i915/intel_sdvo.c.ifdefed, c-extract-blocks.txl] : TXL0127E input file '/cmpt816/tmp/drivers/gpu/drm/i915/intel_sdvo.c.ifdefed' - Parse time limit (161000000 cycles) exceeded
[/cmpt816/tmp/drivers/gpu/drm/i915/intel_sdvo.c.ifdefed, c-extract-blocks.txl] : TXL0192E line 2177 of /cmpt816/tmp/drivers/gpu/drm/i915/intel_sdvo.c.ifdefed - Syntax error at or near:
	dot_crawl , DOT_CRAWL ) } >>> return <<< - EINVAL ; set_value : 
[/cmpt816/tmp/drivers/net/phy/phy.c.ifdefed, c-extract-blocks.txl] : TXL0127E input file '/cmpt816/tmp/drivers/net/phy/phy.c.ifdefed' - Parse time limit (161000000 cycles) exceeded
[/cmpt816/tmp/drivers/net/phy/phy.c.ifdefed, c-extract-blocks.txl] : TXL0192E line 82 of /cmpt816/tmp/drivers/net/phy/phy.c.ifdefed - Syntax error at or near:
	PHY_STATE_STR ( RESUMING ) } >>> return <<< NULL ; } void phy_print_status 
[/cmpt816/tmp/net/compat.c.ifdefed, c-extract-blocks.txl] : TXL0127E input file '/cmpt816/tmp/net/compat.c.ifdefed' - Parse time limit (161000000 cycles) exceeded
[/cmpt816/tmp/net/compat.c.ifdefed, c-extract-blocks.txl] : TXL0192E line 535 of /cmpt816/tmp/net/compat.c.ifdefed - Syntax error at or near:
	( 4 ) ; } >>> __packed <<< ; int compat_mc_setsockopt ( struct 

Wed Mar  2 17:34:36 CST 2016

Wed Mar  2 17:34:37 CST 2016
/usr/local/lib/nicad/tools/clonepairs.x /cmpt816/tmp_blocks.xml 0.30 10 2500 > /cmpt816/tmp_blocks-clones/tmp_blocks-clones-0.30.xml
Processing /cmpt816/tmp_blocks.xml with difference threshold 30%, clone size 10 .. 2500 lines
Reading pcs ....................................................................................................... done.
Total 102730/7500000 potential clones of 10 lines or more
Used 921605/125000000 total pc lines
Used 23652858/750000000 unique line text chars
 and 446769/15000000 unique lines
Sorting pcs ................................................................................................................................................... done.
Finding clones ...................................................................................................... done.
Total 261479613 pc comparisons
Pruning embedded clone pairs .... done.
Pruned 468 embedded clone pairs
Found 2690 clone pairs
Generating XML output ........................... done.


real	1m43.303s
user	1m43.204s
sys	0m0.024s

Wed Mar  2 17:36:20 CST 2016

Wed Mar  2 17:36:20 CST 2016
/usr/local/lib/nicad/tools/cloneclasses.x /cmpt816/tmp_blocks-clones/tmp_blocks-clones-0.30.xml > /cmpt816/tmp_blocks-clones/tmp_blocks-clones-0.30-classes.xml
Processing /cmpt816/tmp_blocks-clones/tmp_blocks-clones-0.30.xml
Reading clone pairs ... done.
Total 2690 pairs
Computing classes  done.
Clustered clone pairs into 1184 classes
Generating XML output ............ done.


real	0m0.037s
user	0m0.024s
sys	0m0.012s

Wed Mar  2 17:36:20 CST 2016

