Wed Mar  2 11:24:57 CST 2016
/usr/local/lib/nicad/txl/c-extract-blocks.x ALL.c >> /cmpt816/tmp_blocks.xml

Wed Mar  2 11:25:00 CST 2016

Wed Mar  2 11:25:00 CST 2016
/usr/local/lib/nicad/tools/clonepairs.x /cmpt816/tmp_blocks.xml 0.30 10 2500 > /cmpt816/tmp_blocks-clones/tmp_blocks-clones-0.30.xml
Processing /cmpt816/tmp_blocks.xml with difference threshold 30%, clone size 10 .. 2500 lines
Reading pcs ... done.
Total 2956/7500000 potential clones of 10 lines or more
Used 22450/125000000 total pc lines
Used 699700/750000000 unique line text chars
 and 14356/15000000 unique lines
Sorting pcs . done.
Finding clones .. done.
Total 195588 pc comparisons
Pruning embedded clone pairs . done.
Pruned 12 embedded clone pairs
Found 24 clone pairs
Generating XML output . done.


real	0m0.106s
user	0m0.092s
sys	0m0.012s

Wed Mar  2 11:25:00 CST 2016

Wed Mar  2 11:25:00 CST 2016
/usr/local/lib/nicad/tools/cloneclasses.x /cmpt816/tmp_blocks-clones/tmp_blocks-clones-0.30.xml > /cmpt816/tmp_blocks-clones/tmp_blocks-clones-0.30-classes.xml
Processing /cmpt816/tmp_blocks-clones/tmp_blocks-clones-0.30.xml
Reading clone pairs . done.
Total 24 pairs
Computing classes  done.
Clustered clone pairs into 24 classes
Generating XML output . done.


real	0m0.016s
user	0m0.008s
sys	0m0.004s

Wed Mar  2 11:25:00 CST 2016

