Wed Mar  2 11:15:10 CST 2016
/usr/local/lib/nicad/txl/c-extract-blocks.x ALL.c >> /cmpt816/tmp_blocks.xml
[/cmpt816/tmp/kernel/pid.c.ifdefed, c-extract-blocks.txl] : TXL0127E input file '/cmpt816/tmp/kernel/pid.c.ifdefed' - Parse time limit (161000000 cycles) exceeded
[/cmpt816/tmp/kernel/pid.c.ifdefed, c-extract-blocks.txl] : TXL0192E line 144 of /cmpt816/tmp/kernel/pid.c.ifdefed - Syntax error at or near:
	) return pid ; } >>> return <<< NULL ; } int fastcall 
[/cmpt816/tmp/arch/i386/pci/irq.c.ifdefed, c-extract-blocks.txl] : TXL0127E input file '/cmpt816/tmp/arch/i386/pci/irq.c.ifdefed' - Parse time limit (161000000 cycles) exceeded
[/cmpt816/tmp/arch/i386/pci/irq.c.ifdefed, c-extract-blocks.txl] : TXL0192E line 889 of /cmpt816/tmp/arch/i386/pci/irq.c.ifdefed - Syntax error at or near:
	irq = newirq ; } >>> } <<< if ( ! irq ) 
[/cmpt816/tmp/mm/memory.c.ifdefed, c-extract-blocks.txl] : TXL0127E input file '/cmpt816/tmp/mm/memory.c.ifdefed' - Parse time limit (161000000 cycles) exceeded
[/cmpt816/tmp/mm/memory.c.ifdefed, c-extract-blocks.txl] : TXL0192E line 1176 of /cmpt816/tmp/mm/memory.c.ifdefed - Syntax error at or near:
	, ptl ) ; } >>> return <<< NULL ; } static int 

Wed Mar  2 11:15:46 CST 2016

Wed Mar  2 11:15:46 CST 2016
/usr/local/lib/nicad/tools/clonepairs.x /cmpt816/tmp_blocks.xml 0.30 10 2500 > /cmpt816/tmp_blocks-clones/tmp_blocks-clones-0.30.xml
Processing /cmpt816/tmp_blocks.xml with difference threshold 30%, clone size 10 .. 2500 lines
Reading pcs ............................................... done.
Total 46006/7500000 potential clones of 10 lines or more
Used 442995/125000000 total pc lines
Used 10381528/750000000 unique line text chars
 and 199647/15000000 unique lines
Sorting pcs ........................................... done.
Finding clones .............................................. done.
Total 49020217 pc comparisons
Pruning embedded clone pairs .. done.
Pruned 315 embedded clone pairs
Found 935 clone pairs
Generating XML output .......... done.


real	0m22.364s
user	0m22.324s
sys	0m0.036s

Wed Mar  2 11:16:08 CST 2016

Wed Mar  2 11:16:08 CST 2016
/usr/local/lib/nicad/tools/cloneclasses.x /cmpt816/tmp_blocks-clones/tmp_blocks-clones-0.30.xml > /cmpt816/tmp_blocks-clones/tmp_blocks-clones-0.30-classes.xml
Processing /cmpt816/tmp_blocks-clones/tmp_blocks-clones-0.30.xml
Reading clone pairs . done.
Total 935 pairs
Computing classes  done.
Clustered clone pairs into 522 classes
Generating XML output ...... done.


real	0m0.038s
user	0m0.004s
sys	0m0.032s

Wed Mar  2 11:16:08 CST 2016

