Wed Mar  2 11:25:33 CST 2016
/usr/local/lib/nicad/txl/c-extract-blocks.x ALL.c >> /cmpt816/tmp_blocks.xml

Wed Mar  2 11:25:35 CST 2016

Wed Mar  2 11:25:35 CST 2016
/usr/local/lib/nicad/tools/clonepairs.x /cmpt816/tmp_blocks.xml 0.30 10 2500 > /cmpt816/tmp_blocks-clones/tmp_blocks-clones-0.30.xml
Processing /cmpt816/tmp_blocks.xml with difference threshold 30%, clone size 10 .. 2500 lines
Reading pcs .... done.
Total 3178/7500000 potential clones of 10 lines or more
Used 23766/125000000 total pc lines
Used 749150/750000000 unique line text chars
 and 15229/15000000 unique lines
Sorting pcs . done.
Finding clones ... done.
Total 219125 pc comparisons
Pruning embedded clone pairs . done.
Pruned 12 embedded clone pairs
Found 26 clone pairs
Generating XML output . done.


real	0m0.118s
user	0m0.100s
sys	0m0.016s

Wed Mar  2 11:25:35 CST 2016

Wed Mar  2 11:25:35 CST 2016
/usr/local/lib/nicad/tools/cloneclasses.x /cmpt816/tmp_blocks-clones/tmp_blocks-clones-0.30.xml > /cmpt816/tmp_blocks-clones/tmp_blocks-clones-0.30-classes.xml
Processing /cmpt816/tmp_blocks-clones/tmp_blocks-clones-0.30.xml
Reading clone pairs . done.
Total 26 pairs
Computing classes  done.
Clustered clone pairs into 26 classes
Generating XML output . done.


real	0m0.016s
user	0m0.004s
sys	0m0.008s

Wed Mar  2 11:25:35 CST 2016

