Wed Mar  2 11:26:50 CST 2016
/usr/local/lib/nicad/txl/c-extract-blocks.x ALL.c >> /cmpt816/tmp_blocks.xml
[/cmpt816/tmp/arch/x86/kernel/signal.c.ifdefed, c-extract-blocks.txl] : TXL0127E input file '/cmpt816/tmp/arch/x86/kernel/signal.c.ifdefed' - Parse time limit (161000000 cycles) exceeded
[/cmpt816/tmp/arch/x86/kernel/signal.c.ifdefed, c-extract-blocks.txl] : TXL0192E line 128 of /cmpt816/tmp/arch/x86/kernel/signal.c.ifdefed - Syntax error at or near:
	; return err ; } >>> static <<< int setup_sigcontext ( struct sigcontext 

Wed Mar  2 11:26:55 CST 2016

Wed Mar  2 11:26:55 CST 2016
/usr/local/lib/nicad/tools/clonepairs.x /cmpt816/tmp_blocks.xml 0.30 10 2500 > /cmpt816/tmp_blocks-clones/tmp_blocks-clones-0.30.xml
Processing /cmpt816/tmp_blocks.xml with difference threshold 30%, clone size 10 .. 2500 lines
Reading pcs .... done.
Total 3436/7500000 potential clones of 10 lines or more
Used 25442/125000000 total pc lines
Used 804084/750000000 unique line text chars
 and 16210/15000000 unique lines
Sorting pcs . done.
Finding clones ... done.
Total 262986 pc comparisons
Pruning embedded clone pairs . done.
Pruned 6 embedded clone pairs
Found 27 clone pairs
Generating XML output . done.


real	0m0.132s
user	0m0.124s
sys	0m0.008s

Wed Mar  2 11:26:56 CST 2016

Wed Mar  2 11:26:56 CST 2016
/usr/local/lib/nicad/tools/cloneclasses.x /cmpt816/tmp_blocks-clones/tmp_blocks-clones-0.30.xml > /cmpt816/tmp_blocks-clones/tmp_blocks-clones-0.30-classes.xml
Processing /cmpt816/tmp_blocks-clones/tmp_blocks-clones-0.30.xml
Reading clone pairs . done.
Total 27 pairs
Computing classes  done.
Clustered clone pairs into 27 classes
Generating XML output . done.


real	0m0.016s
user	0m0.004s
sys	0m0.008s

Wed Mar  2 11:26:56 CST 2016

