Wed Mar  2 17:15:51 CST 2016
/usr/local/lib/nicad/txl/c-extract-blocks.x ALL.c >> /cmpt816/tmp_blocks.xml
[/cmpt816/tmp/arch/x86/pci/irq.c.ifdefed, c-extract-blocks.txl] : TXL0127E input file '/cmpt816/tmp/arch/x86/pci/irq.c.ifdefed' - Parse time limit (161000000 cycles) exceeded
[/cmpt816/tmp/arch/x86/pci/irq.c.ifdefed, c-extract-blocks.txl] : TXL0192E line 976 of /cmpt816/tmp/arch/x86/pci/irq.c.ifdefed - Syntax error at or near:
	irq = newirq ; } >>> } <<< if ( ! irq ) 
[/cmpt816/tmp/arch/x86/kernel/signal.c.ifdefed, c-extract-blocks.txl] : TXL0127E input file '/cmpt816/tmp/arch/x86/kernel/signal.c.ifdefed' - Parse time limit (161000000 cycles) exceeded
[/cmpt816/tmp/arch/x86/kernel/signal.c.ifdefed, c-extract-blocks.txl] : TXL0192E line 113 of /cmpt816/tmp/arch/x86/kernel/signal.c.ifdefed - Syntax error at or near:
	; return err ; } >>> int <<< setup_sigcontext ( struct sigcontext __user 
[/cmpt816/tmp/arch/x86/kernel/cpu/perf_event_intel.c.ifdefed, c-extract-blocks.txl] : TXL0127E input file '/cmpt816/tmp/arch/x86/kernel/cpu/perf_event_intel.c.ifdefed' - Parse time limit (161000000 cycles) exceeded
[/cmpt816/tmp/arch/x86/kernel/cpu/perf_event_intel.c.ifdefed, c-extract-blocks.txl] : TXL0192E line 2498 of /cmpt816/tmp/arch/x86/kernel/cpu/perf_event_intel.c.ifdefed - Syntax error at or near:
	} return left ; } >>> PMU_FORMAT_ATTR <<< ( event , "config:0-7" ) 
[/cmpt816/tmp/arch/x86/ia32/ia32_signal.c.ifdefed, c-extract-blocks.txl] : TXL0127E input file '/cmpt816/tmp/arch/x86/ia32/ia32_signal.c.ifdefed' - Parse time limit (161000000 cycles) exceeded
[/cmpt816/tmp/arch/x86/ia32/ia32_signal.c.ifdefed, c-extract-blocks.txl] : TXL0192E line 108 of /cmpt816/tmp/arch/x86/ia32/ia32_signal.c.ifdefed - Syntax error at or near:
	; return err ; } >>> int <<< copy_siginfo_from_user32 ( siginfo_t * to 
[/cmpt816/tmp/drivers/cpuidle/sysfs.c.ifdefed, c-extract-blocks.txl] : TXL0127E input file '/cmpt816/tmp/drivers/cpuidle/sysfs.c.ifdefed' - Parse time limit (161000000 cycles) exceeded
[/cmpt816/tmp/drivers/cpuidle/sysfs.c.ifdefed, c-extract-blocks.txl] : TXL0192E line 243 of /cmpt816/tmp/drivers/cpuidle/sysfs.c.ifdefed - Syntax error at or near:
	, size_t ) ; } >>> ; <<< define_show_state_function ( exit_latency ) define_show_state_function 
[/cmpt816/tmp/drivers/usb/core/hub.c.ifdefed, c-extract-blocks.txl] : TXL0127E input file '/cmpt816/tmp/drivers/usb/core/hub.c.ifdefed' - Parse time limit (161000000 cycles) exceeded
[/cmpt816/tmp/drivers/usb/core/hub.c.ifdefed, c-extract-blocks.txl] : TXL0192E line 4854 of /cmpt816/tmp/drivers/usb/core/hub.c.ifdefed - Syntax error at or near:
	] = INDICATOR_AUTO ; } >>> if <<< ( ( portstatus & USB_PORT_STAT_CONNECTION 
[/cmpt816/tmp/drivers/gpu/drm/i915/intel_sdvo.c.ifdefed, c-extract-blocks.txl] : TXL0127E input file '/cmpt816/tmp/drivers/gpu/drm/i915/intel_sdvo.c.ifdefed' - Parse time limit (161000000 cycles) exceeded
[/cmpt816/tmp/drivers/gpu/drm/i915/intel_sdvo.c.ifdefed, c-extract-blocks.txl] : TXL0192E line 2174 of /cmpt816/tmp/drivers/gpu/drm/i915/intel_sdvo.c.ifdefed - Syntax error at or near:
	dot_crawl , DOT_CRAWL ) } >>> return <<< - EINVAL ; set_value : 
[/cmpt816/tmp/net/compat.c.ifdefed, c-extract-blocks.txl] : TXL0127E input file '/cmpt816/tmp/net/compat.c.ifdefed' - Parse time limit (161000000 cycles) exceeded
[/cmpt816/tmp/net/compat.c.ifdefed, c-extract-blocks.txl] : TXL0192E line 535 of /cmpt816/tmp/net/compat.c.ifdefed - Syntax error at or near:
	( 4 ) ; } >>> __packed <<< ; int compat_mc_setsockopt ( struct 

Wed Mar  2 17:17:18 CST 2016

Wed Mar  2 17:17:18 CST 2016
/usr/local/lib/nicad/tools/clonepairs.x /cmpt816/tmp_blocks.xml 0.30 10 2500 > /cmpt816/tmp_blocks-clones/tmp_blocks-clones-0.30.xml
Processing /cmpt816/tmp_blocks.xml with difference threshold 30%, clone size 10 .. 2500 lines
Reading pcs ...................................................................................................... done.
Total 101384/7500000 potential clones of 10 lines or more
Used 909378/125000000 total pc lines
Used 23296188/750000000 unique line text chars
 and 440237/15000000 unique lines
Sorting pcs ................................................................................................................................... done.
Finding clones ..................................................................................................... done.
Total 253929985 pc comparisons
Pruning embedded clone pairs .... done.
Pruned 477 embedded clone pairs
Found 2649 clone pairs
Generating XML output ........................... done.


real	1m40.462s
user	1m40.444s
sys	0m0.012s

Wed Mar  2 17:18:58 CST 2016

Wed Mar  2 17:18:59 CST 2016
/usr/local/lib/nicad/tools/cloneclasses.x /cmpt816/tmp_blocks-clones/tmp_blocks-clones-0.30.xml > /cmpt816/tmp_blocks-clones/tmp_blocks-clones-0.30-classes.xml
Processing /cmpt816/tmp_blocks-clones/tmp_blocks-clones-0.30.xml
Reading clone pairs ... done.
Total 2649 pairs
Computing classes  done.
Clustered clone pairs into 1176 classes
Generating XML output ............ done.


real	0m0.036s
user	0m0.028s
sys	0m0.004s

Wed Mar  2 17:18:59 CST 2016

