Wed Mar  2 11:01:28 CST 2016
/usr/local/lib/nicad/txl/c-extract-blocks.x ALL.c >> /cmpt816/tmp_blocks.xml
[/cmpt816/tmp/kernel/pid.c.ifdefed, c-extract-blocks.txl] : TXL0127E input file '/cmpt816/tmp/kernel/pid.c.ifdefed' - Parse time limit (161000000 cycles) exceeded
[/cmpt816/tmp/kernel/pid.c.ifdefed, c-extract-blocks.txl] : TXL0192E line 144 of /cmpt816/tmp/kernel/pid.c.ifdefed - Syntax error at or near:
	) return pid ; } >>> return <<< NULL ; } int fastcall 
[/cmpt816/tmp/arch/i386/pci/irq.c.ifdefed, c-extract-blocks.txl] : TXL0127E input file '/cmpt816/tmp/arch/i386/pci/irq.c.ifdefed' - Parse time limit (161000000 cycles) exceeded
[/cmpt816/tmp/arch/i386/pci/irq.c.ifdefed, c-extract-blocks.txl] : TXL0192E line 864 of /cmpt816/tmp/arch/i386/pci/irq.c.ifdefed - Syntax error at or near:
	irq = newirq ; } >>> } <<< if ( ! irq ) 

Wed Mar  2 11:02:00 CST 2016

Wed Mar  2 11:02:00 CST 2016
/usr/local/lib/nicad/tools/clonepairs.x /cmpt816/tmp_blocks.xml 0.30 10 2500 > /cmpt816/tmp_blocks-clones/tmp_blocks-clones-0.30.xml
Processing /cmpt816/tmp_blocks.xml with difference threshold 30%, clone size 10 .. 2500 lines
Reading pcs ........................................... done.
Total 42164/7500000 potential clones of 10 lines or more
Used 407718/125000000 total pc lines
Used 9461220/750000000 unique line text chars
 and 182922/15000000 unique lines
Sorting pcs ............................................. done.
Finding clones .......................................... done.
Total 41160581 pc comparisons
Pruning embedded clone pairs .. done.
Pruned 235 embedded clone pairs
Found 851 clone pairs
Generating XML output ......... done.


real	0m18.947s
user	0m18.904s
sys	0m0.040s

Wed Mar  2 11:02:19 CST 2016

Wed Mar  2 11:02:19 CST 2016
/usr/local/lib/nicad/tools/cloneclasses.x /cmpt816/tmp_blocks-clones/tmp_blocks-clones-0.30.xml > /cmpt816/tmp_blocks-clones/tmp_blocks-clones-0.30-classes.xml
Processing /cmpt816/tmp_blocks-clones/tmp_blocks-clones-0.30.xml
Reading clone pairs . done.
Total 851 pairs
Computing classes  done.
Clustered clone pairs into 475 classes
Generating XML output ..... done.


real	0m0.038s
user	0m0.016s
sys	0m0.020s

Wed Mar  2 11:02:19 CST 2016

