Wed Mar  2 11:21:25 CST 2016
/usr/local/lib/nicad/txl/c-extract-blocks.x ALL.c >> /cmpt816/tmp_blocks.xml
[/cmpt816/tmp/kernel/pid.c.ifdefed, c-extract-blocks.txl] : TXL0127E input file '/cmpt816/tmp/kernel/pid.c.ifdefed' - Parse time limit (161000000 cycles) exceeded
[/cmpt816/tmp/kernel/pid.c.ifdefed, c-extract-blocks.txl] : TXL0192E line 248 of /cmpt816/tmp/kernel/pid.c.ifdefed - Syntax error at or near:
	) return pid ; } >>> return <<< NULL ; } EXPORT_SYMBOL_GPL ( 
[/cmpt816/tmp/arch/i386/pci/irq.c.ifdefed, c-extract-blocks.txl] : TXL0127E input file '/cmpt816/tmp/arch/i386/pci/irq.c.ifdefed' - Parse time limit (161000000 cycles) exceeded
[/cmpt816/tmp/arch/i386/pci/irq.c.ifdefed, c-extract-blocks.txl] : TXL0192E line 899 of /cmpt816/tmp/arch/i386/pci/irq.c.ifdefed - Syntax error at or near:
	irq = newirq ; } >>> } <<< if ( ! irq ) 
[/cmpt816/tmp/drivers/net/s2io.c.ifdefed, c-extract-blocks.txl] : TXL0127E input file '/cmpt816/tmp/drivers/net/s2io.c.ifdefed' - Parse time limit (161000000 cycles) exceeded
[/cmpt816/tmp/drivers/net/s2io.c.ifdefed, c-extract-blocks.txl] : TXL0192E line 2127 of /cmpt816/tmp/drivers/net/s2io.c.ifdefed - Syntax error at or near:
	; txds ++ ; } >>> skb <<< = ( struct sk_buff * 
[/cmpt816/tmp/mm/memory.c.ifdefed, c-extract-blocks.txl] : TXL0127E input file '/cmpt816/tmp/mm/memory.c.ifdefed' - Parse time limit (161000000 cycles) exceeded
[/cmpt816/tmp/mm/memory.c.ifdefed, c-extract-blocks.txl] : TXL0192E line 1206 of /cmpt816/tmp/mm/memory.c.ifdefed - Syntax error at or near:
	, ptl ) ; } >>> return <<< NULL ; } static int 

Wed Mar  2 11:22:06 CST 2016

Wed Mar  2 11:22:06 CST 2016
/usr/local/lib/nicad/tools/clonepairs.x /cmpt816/tmp_blocks.xml 0.30 10 2500 > /cmpt816/tmp_blocks-clones/tmp_blocks-clones-0.30.xml
Processing /cmpt816/tmp_blocks.xml with difference threshold 30%, clone size 10 .. 2500 lines
Reading pcs .................................................... done.
Total 51399/7500000 potential clones of 10 lines or more
Used 494002/125000000 total pc lines
Used 11603841/750000000 unique line text chars
 and 222746/15000000 unique lines
Sorting pcs ........................................................................... done.
Finding clones ................................................... done.
Total 61554801 pc comparisons
Pruning embedded clone pairs .. done.
Pruned 334 embedded clone pairs
Found 962 clone pairs
Generating XML output .......... done.


real	0m27.647s
user	0m27.632s
sys	0m0.012s

Wed Mar  2 11:22:34 CST 2016

Wed Mar  2 11:22:34 CST 2016
/usr/local/lib/nicad/tools/cloneclasses.x /cmpt816/tmp_blocks-clones/tmp_blocks-clones-0.30.xml > /cmpt816/tmp_blocks-clones/tmp_blocks-clones-0.30-classes.xml
Processing /cmpt816/tmp_blocks-clones/tmp_blocks-clones-0.30.xml
Reading clone pairs . done.
Total 962 pairs
Computing classes  done.
Clustered clone pairs into 576 classes
Generating XML output ...... done.


real	0m0.022s
user	0m0.012s
sys	0m0.008s

Wed Mar  2 11:22:34 CST 2016

