Wed Mar  2 11:22:58 CST 2016
/usr/local/lib/nicad/txl/c-extract-blocks.x ALL.c >> /cmpt816/tmp_blocks.xml

Wed Mar  2 11:23:00 CST 2016

Wed Mar  2 11:23:00 CST 2016
/usr/local/lib/nicad/tools/clonepairs.x /cmpt816/tmp_blocks.xml 0.30 10 2500 > /cmpt816/tmp_blocks-clones/tmp_blocks-clones-0.30.xml
Processing /cmpt816/tmp_blocks.xml with difference threshold 30%, clone size 10 .. 2500 lines
Reading pcs ... done.
Total 2171/7500000 potential clones of 10 lines or more
Used 17012/125000000 total pc lines
Used 512222/750000000 unique line text chars
 and 10529/15000000 unique lines
Sorting pcs . done.
Finding clones .. done.
Total 105089 pc comparisons
Pruning embedded clone pairs . done.
Pruned 7 embedded clone pairs
Found 18 clone pairs
Generating XML output . done.


real	0m0.067s
user	0m0.064s
sys	0m0.000s

Wed Mar  2 11:23:00 CST 2016

Wed Mar  2 11:23:00 CST 2016
/usr/local/lib/nicad/tools/cloneclasses.x /cmpt816/tmp_blocks-clones/tmp_blocks-clones-0.30.xml > /cmpt816/tmp_blocks-clones/tmp_blocks-clones-0.30-classes.xml
Processing /cmpt816/tmp_blocks-clones/tmp_blocks-clones-0.30.xml
Reading clone pairs . done.
Total 18 pairs
Computing classes  done.
Clustered clone pairs into 16 classes
Generating XML output . done.


real	0m0.016s
user	0m0.008s
sys	0m0.004s

Wed Mar  2 11:23:00 CST 2016

