Wed Mar  2 11:27:33 CST 2016
/usr/local/lib/nicad/txl/c-extract-blocks.x ALL.c >> /cmpt816/tmp_blocks.xml
[/cmpt816/tmp/arch/x86/kernel/signal.c.ifdefed, c-extract-blocks.txl] : TXL0127E input file '/cmpt816/tmp/arch/x86/kernel/signal.c.ifdefed' - Parse time limit (161000000 cycles) exceeded
[/cmpt816/tmp/arch/x86/kernel/signal.c.ifdefed, c-extract-blocks.txl] : TXL0192E line 127 of /cmpt816/tmp/arch/x86/kernel/signal.c.ifdefed - Syntax error at or near:
	; return err ; } >>> static <<< int setup_sigcontext ( struct sigcontext 
[/cmpt816/tmp/arch/x86/ia32/ia32_signal.c.ifdefed, c-extract-blocks.txl] : TXL0127E input file '/cmpt816/tmp/arch/x86/ia32/ia32_signal.c.ifdefed' - Parse time limit (161000000 cycles) exceeded
[/cmpt816/tmp/arch/x86/ia32/ia32_signal.c.ifdefed, c-extract-blocks.txl] : TXL0192E line 106 of /cmpt816/tmp/arch/x86/ia32/ia32_signal.c.ifdefed - Syntax error at or near:
	; return err ; } >>> int <<< copy_siginfo_from_user32 ( siginfo_t * to 

Wed Mar  2 11:27:41 CST 2016

Wed Mar  2 11:27:41 CST 2016
/usr/local/lib/nicad/tools/clonepairs.x /cmpt816/tmp_blocks.xml 0.30 10 2500 > /cmpt816/tmp_blocks-clones/tmp_blocks-clones-0.30.xml
Processing /cmpt816/tmp_blocks.xml with difference threshold 30%, clone size 10 .. 2500 lines
Reading pcs .... done.
Total 3582/7500000 potential clones of 10 lines or more
Used 26532/125000000 total pc lines
Used 841076/750000000 unique line text chars
 and 16813/15000000 unique lines
Sorting pcs . done.
Finding clones ... done.
Total 292622 pc comparisons
Pruning embedded clone pairs . done.
Pruned 12 embedded clone pairs
Found 31 clone pairs
Generating XML output . done.


real	0m0.141s
user	0m0.132s
sys	0m0.008s

Wed Mar  2 11:27:41 CST 2016

Wed Mar  2 11:27:41 CST 2016
/usr/local/lib/nicad/tools/cloneclasses.x /cmpt816/tmp_blocks-clones/tmp_blocks-clones-0.30.xml > /cmpt816/tmp_blocks-clones/tmp_blocks-clones-0.30-classes.xml
Processing /cmpt816/tmp_blocks-clones/tmp_blocks-clones-0.30.xml
Reading clone pairs . done.
Total 31 pairs
Computing classes  done.
Clustered clone pairs into 31 classes
Generating XML output . done.


real	0m0.016s
user	0m0.004s
sys	0m0.008s

Wed Mar  2 11:27:41 CST 2016

